# JRE version: Java(TM) SE Runtime Environment (8.0_131-b11) (build 1.8.0_131-b11)
# Java VM: Java HotSpot(TM) 64-Bit Server VM (25.131-b11 mixed mode linux-amd64 compressed oops)
Heap:
 PSYoungGen      total 144384K, used 9230K [0x00000000eab00000, 0x00000000f7b80000, 0x0000000100000000)
  eden space 131584K, 0% used [0x00000000eab00000,0x00000000eab00000,0x00000000f2b80000)
  from space 12800K, 72% used [0x00000000f2b80000,0x00000000f3483a00,0x00000000f3800000)
  to   space 13312K, 0% used [0x00000000f6e80000,0x00000000f6e80000,0x00000000f7b80000)
 ParOldGen       total 58880K, used 19105K [0x00000000c0000000, 0x00000000c3980000, 0x00000000eab00000)
  object space 58880K, 32% used [0x00000000c0000000,0x00000000c12a8538,0x00000000c3980000)
 Metaspace       used 34625K, capacity 35206K, committed 35456K, reserved 1079296K
  class space    used 4763K, capacity 4918K, committed 4992K, reserved 1048576K
GC Heap History (10 events):
Event: 1.962 GC heap after
Heap after GC invocations=4 (full 0):
 PSYoungGen      total 99840K, used 3552K [0x00000000eab00000, 0x00000000f1000000, 0x0000000100000000)
  eden space 96256K, 0% used [0x00000000eab00000,0x00000000eab00000,0x00000000f0900000)
  from space 3584K, 99% used [0x00000000f0c80000,0x00000000f0ff8040,0x00000000f1000000)
  to   space 3584K, 0% used [0x00000000f0900000,0x00000000f0900000,0x00000000f0c80000)
 ParOldGen       total 62976K, used 11156K [0x00000000c0000000, 0x00000000c3d80000, 0x00000000eab00000)
  object space 62976K, 17% used [0x00000000c0000000,0x00000000c0ae50c8,0x00000000c3d80000)
 Metaspace       used 20883K, capacity 21236K, committed 21296K, reserved 1067008K
  class space    used 2838K, capacity 2941K, committed 2944K, reserved 1048576K
}
Event: 1.962 GC heap before
{Heap before GC invocations=5 (full 1):
 PSYoungGen      total 99840K, used 3552K [0x00000000eab00000, 0x00000000f1000000, 0x0000000100000000)
  eden space 96256K, 0% used [0x00000000eab00000,0x00000000eab00000,0x00000000f0900000)
  from space 3584K, 99% used [0x00000000f0c80000,0x00000000f0ff8040,0x00000000f1000000)
  to   space 3584K, 0% used [0x00000000f0900000,0x00000000f0900000,0x00000000f0c80000)
 ParOldGen       total 62976K, used 11156K [0x00000000c0000000, 0x00000000c3d80000, 0x00000000eab00000)
  object space 62976K, 17% used [0x00000000c0000000,0x00000000c0ae50c8,0x00000000c3d80000)
 Metaspace       used 20883K, capacity 21236K, committed 21296K, reserved 1067008K
  class space    used 2838K, capacity 2941K, committed 2944K, reserved 1048576K
Event: 2.068 GC heap after
Heap after GC invocations=5 (full 1):
 PSYoungGen      total 99840K, used 0K [0x00000000eab00000, 0x00000000f1000000, 0x0000000100000000)
  eden space 96256K, 0% used [0x00000000eab00000,0x00000000eab00000,0x00000000f0900000)
  from space 3584K, 0% used [0x00000000f0c80000,0x00000000f0c80000,0x00000000f1000000)
  to   space 3584K, 0% used [0x00000000f0900000,0x00000000f0900000,0x00000000f0c80000)
 ParOldGen       total 58880K, used 13540K [0x00000000c0000000, 0x00000000c3980000, 0x00000000eab00000)
  object space 58880K, 22% used [0x00000000c0000000,0x00000000c0d39280,0x00000000c3980000)
 Metaspace       used 20883K, capacity 21236K, committed 21296K, reserved 1067008K
  class space    used 2838K, capacity 2941K, committed 2944K, reserved 1048576K
}
Event: 3.520 GC heap before
{Heap before GC invocations=6 (full 1):
 PSYoungGen      total 99840K, used 96256K [0x00000000eab00000, 0x00000000f1000000, 0x0000000100000000)
  eden space 96256K, 100% used [0x00000000eab00000,0x00000000f0900000,0x00000000f0900000)
  from space 3584K, 0% used [0x00000000f0c80000,0x00000000f0c80000,0x00000000f1000000)
  to   space 3584K, 0% used [0x00000000f0900000,0x00000000f0900000,0x00000000f0c80000)
 ParOldGen       total 58880K, used 13540K [0x00000000c0000000, 0x00000000c3980000, 0x00000000eab00000)
  object space 58880K, 22% used [0x00000000c0000000,0x00000000c0d39280,0x00000000c3980000)
 Metaspace       used 27786K, capacity 28368K, committed 28672K, reserved 1073152K
  class space    used 3904K, capacity 4070K, committed 4096K, reserved 1048576K
Event: 3.542 GC heap after
Heap after GC invocations=6 (full 1):
 PSYoungGen      total 99840K, used 3572K [0x00000000eab00000, 0x00000000f4600000, 0x0000000100000000)
  eden space 96256K, 0% used [0x00000000eab00000,0x00000000eab00000,0x00000000f0900000)
  from space 3584K, 99% used [0x00000000f0900000,0x00000000f0c7d030,0x00000000f0c80000)
  to   space 12288K, 0% used [0x00000000f3a00000,0x00000000f3a00000,0x00000000f4600000)
 ParOldGen       total 58880K, used 19089K [0x00000000c0000000, 0x00000000c3980000, 0x00000000eab00000)
  object space 58880K, 32% used [0x00000000c0000000,0x00000000c12a4538,0x00000000c3980000)
 Metaspace       used 27786K, capacity 28368K, committed 28672K, reserved 1073152K
  class space    used 3904K, capacity 4070K, committed 4096K, reserved 1048576K
}
Event: 4.763 GC heap before
{Heap before GC invocations=7 (full 1):
 PSYoungGen      total 99840K, used 99828K [0x00000000eab00000, 0x00000000f4600000, 0x0000000100000000)
  eden space 96256K, 100% used [0x00000000eab00000,0x00000000f0900000,0x00000000f0900000)
  from space 3584K, 99% used [0x00000000f0900000,0x00000000f0c7d030,0x00000000f0c80000)
  to   space 12288K, 0% used [0x00000000f3a00000,0x00000000f3a00000,0x00000000f4600000)
 ParOldGen       total 58880K, used 19089K [0x00000000c0000000, 0x00000000c3980000, 0x00000000eab00000)
  object space 58880K, 32% used [0x00000000c0000000,0x00000000c12a4538,0x00000000c3980000)
 Metaspace       used 32781K, capacity 33404K, committed 33664K, reserved 1079296K
  class space    used 4518K, capacity 4687K, committed 4736K, reserved 1048576K
Event: 4.787 GC heap after
Heap after GC invocations=7 (full 1):
 PSYoungGen      total 142336K, used 9919K [0x00000000eab00000, 0x00000000f4480000, 0x0000000100000000)
  eden space 131584K, 0% used [0x00000000eab00000,0x00000000eab00000,0x00000000f2b80000)
  from space 10752K, 92% used [0x00000000f3a00000,0x00000000f43afd80,0x00000000f4480000)
  to   space 12800K, 0% used [0x00000000f2b80000,0x00000000f2b80000,0x00000000f3800000)
 ParOldGen       total 58880K, used 19097K [0x00000000c0000000, 0x00000000c3980000, 0x00000000eab00000)
  object space 58880K, 32% used [0x00000000c0000000,0x00000000c12a6538,0x00000000c3980000)
 Metaspace       used 32781K, capacity 33404K, committed 33664K, reserved 1079296K
  class space    used 4518K, capacity 4687K, committed 4736K, reserved 1048576K
}
Event: 5.046 GC heap before
{Heap before GC invocations=8 (full 1):
 PSYoungGen      total 142336K, used 48233K [0x00000000eab00000, 0x00000000f4480000, 0x0000000100000000)
  eden space 131584K, 29% used [0x00000000eab00000,0x00000000ed06aa48,0x00000000f2b80000)
  from space 10752K, 92% used [0x00000000f3a00000,0x00000000f43afd80,0x00000000f4480000)
  to   space 12800K, 0% used [0x00000000f2b80000,0x00000000f2b80000,0x00000000f3800000)
 ParOldGen       total 58880K, used 19097K [0x00000000c0000000, 0x00000000c3980000, 0x00000000eab00000)
  object space 58880K, 32% used [0x00000000c0000000,0x00000000c12a6538,0x00000000c3980000)
 Metaspace       used 34625K, capacity 35206K, committed 35456K, reserved 1079296K
  class space    used 4763K, capacity 4918K, committed 4992K, reserved 1048576K
Event: 5.063 GC heap after
Heap after GC invocations=8 (full 1):
 PSYoungGen      total 144384K, used 9230K [0x00000000eab00000, 0x00000000f7b80000, 0x0000000100000000)
  eden space 131584K, 0% used [0x00000000eab00000,0x00000000eab00000,0x00000000f2b80000)
  from space 12800K, 72% used [0x00000000f2b80000,0x00000000f3483a00,0x00000000f3800000)
  to   space 13312K, 0% used [0x00000000f6e80000,0x00000000f6e80000,0x00000000f7b80000)
 ParOldGen       total 58880K, used 19105K [0x00000000c0000000, 0x00000000c3980000, 0x00000000eab00000)
  object space 58880K, 32% used [0x00000000c0000000,0x00000000c12a8538,0x00000000c3980000)
 Metaspace       used 34625K, capacity 35206K, committed 35456K, reserved 1079296K
  class space    used 4763K, capacity 4918K, committed 4992K, reserved 1048576K
}
Event: 5.063 GC heap before
{Heap before GC invocations=9 (full 2):
 PSYoungGen      total 144384K, used 9230K [0x00000000eab00000, 0x00000000f7b80000, 0x0000000100000000)
  eden space 131584K, 0% used [0x00000000eab00000,0x00000000eab00000,0x00000000f2b80000)
  from space 12800K, 72% used [0x00000000f2b80000,0x00000000f3483a00,0x00000000f3800000)
  to   space 13312K, 0% used [0x00000000f6e80000,0x00000000f6e80000,0x00000000f7b80000)
 ParOldGen       total 58880K, used 19105K [0x00000000c0000000, 0x00000000c3980000, 0x00000000eab00000)
  object space 58880K, 32% used [0x00000000c0000000,0x00000000c12a8538,0x00000000c3980000)
 Metaspace       used 34625K, capacity 35206K, committed 35456K, reserved 1079296K
  class space    used 4763K, capacity 4918K, committed 4992K, reserved 1048576K

